

times in msec
 clock   self+sourced   self:  sourced script
 clock   elapsed:              other lines

000.004  000.004: --- VIM STARTING ---
000.067  000.063: Allocated generic buffers
000.293  000.226: locale set
000.310  000.017: GUI prepared
000.312  000.002: clipboard setup
000.318  000.006: window checked
000.692  000.374: inits 1
000.700  000.008: parsing arguments
000.702  000.002: expanding arguments
000.718  000.016: shell init
007.469  006.751: xsmp init
008.746  001.277: Termcap init
008.790  000.044: inits 2
008.903  000.113: init highlight
031.750  000.050  000.050: sourcing /d/cosmos/ezbc/dot_files/.new_vim/vim74_runtime/autoload/paste.vim
039.711  008.686  008.636: sourcing /d/cosmos/ezbc/dot_files/.new_vim/vim74_runtime/menu.vim
039.747  026.200  017.514: sourcing /d/cosmos/ezbc/dot_files/.new_vim/vim74_runtime/filetype.vim
039.833  000.042  000.042: sourcing /d/cosmos/ezbc/dot_files/.new_vim/vim74_runtime/ftplugin.vim
039.886  000.012  000.012: sourcing /d/cosmos/ezbc/dot_files/.new_vim/vim74_runtime/filetype.vim
039.965  000.038  000.038: sourcing /d/cosmos/ezbc/dot_files/.new_vim/vim74_runtime/indent.vim
040.443  000.216  000.216: sourcing /d/cosmos/ezbc/dot_files/.new_vim/vim74_runtime/syntax/syncolor.vim
040.541  000.371  000.155: sourcing /d/cosmos/ezbc/dot_files/.new_vim/vim74_runtime/syntax/synload.vim
040.578  000.462  000.091: sourcing /d/cosmos/ezbc/opt/vmi74/runtime/syntax/syntax.vim
040.928  000.187  000.187: sourcing /d/cosmos/ezbc/dot_files/.new_vim/vim74_runtime/syntax/syncolor.vim
041.260  000.180  000.180: sourcing /d/cosmos/ezbc/dot_files/.new_vim/vim74_runtime/syntax/syncolor.vim
041.550  000.182  000.182: sourcing /d/cosmos/ezbc/dot_files/.new_vim/vim74_runtime/syntax/syncolor.vim
041.713  001.090  000.541: sourcing /d/cosmos/ezbc/dot_files/.new_vim/vim74_runtime/colors/desert.vim
042.089  000.178  000.178: sourcing /d/cosmos/ezbc/dot_files/.new_vim/vim74_runtime/syntax/syncolor.vim
042.373  000.183  000.183: sourcing /d/cosmos/ezbc/dot_files/.new_vim/vim74_runtime/syntax/syncolor.vim
042.528  000.771  000.410: sourcing /d/cosmos/ezbc/dot_files/.new_vim/vim74_runtime/colors/desert.vim
042.920  000.186  000.186: sourcing /d/cosmos/ezbc/dot_files/.new_vim/vim74_runtime/syntax/syncolor.vim
043.202  000.182  000.182: sourcing /d/cosmos/ezbc/dot_files/.new_vim/vim74_runtime/syntax/syncolor.vim
043.358  000.774  000.406: sourcing /d/cosmos/ezbc/dot_files/.new_vim/vim74_runtime/colors/desert.vim
043.919  030.458  001.069: sourcing /d/cosmos/ezbc/dot_files/.new_vim/vimrcs/basic.vim
044.108  000.152  000.152: sourcing /d/cosmos/ezbc/dot_files/.new_vim/vimrcs/filetypes.vim
045.228  001.084  001.084: sourcing /d/cosmos/ezbc/dot_files/.new_vim/vimrcs/plugins_config.vim
045.694  000.181  000.181: sourcing /d/cosmos/ezbc/dot_files/.new_vim/vim74_runtime/syntax/syncolor.vim
045.983  000.188  000.188: sourcing /d/cosmos/ezbc/dot_files/.new_vim/vim74_runtime/syntax/syncolor.vim
046.138  000.782  000.413: sourcing /d/cosmos/ezbc/dot_files/.new_vim/vim74_runtime/colors/desert.vim
046.942  001.677  000.895: sourcing /d/cosmos/ezbc/dot_files/.new_vim/vimrcs/extended.vim
056.259  000.015  000.015: sourcing /d/cosmos/ezbc/dot_files/.new_vim/vim74_runtime/filetype.vim
056.310  000.011  000.011: sourcing /d/cosmos/ezbc/dot_files/.new_vim/vim74_runtime/filetype.vim
056.354  000.010  000.010: sourcing /d/cosmos/ezbc/dot_files/.new_vim/vim74_runtime/ftplugin.vim
056.446  009.458  009.422: sourcing /d/cosmos/ezbc/dot_files/.new_vim/vimrcs/my_configs.vim
056.458  044.253  001.424: sourcing $HOME/.vimrc
056.464  003.308: sourcing vimrc file(s)
056.810  000.084  000.084: sourcing /d/cosmos/ezbc/dot_files/.new_vim/vim74_runtime/plugin/getscriptPlugin.vim
057.090  000.252  000.252: sourcing /d/cosmos/ezbc/dot_files/.new_vim/vim74_runtime/plugin/gzip.vim
057.320  000.200  000.200: sourcing /d/cosmos/ezbc/dot_files/.new_vim/vim74_runtime/plugin/matchparen.vim
057.962  000.613  000.613: sourcing /d/cosmos/ezbc/dot_files/.new_vim/vim74_runtime/plugin/netrwPlugin.vim
058.062  000.047  000.047: sourcing /d/cosmos/ezbc/dot_files/.new_vim/vim74_runtime/plugin/rrhelper.vim
058.169  000.034  000.034: sourcing /d/cosmos/ezbc/dot_files/.new_vim/vim74_runtime/plugin/spellfile.vim
058.379  000.171  000.171: sourcing /d/cosmos/ezbc/dot_files/.new_vim/vim74_runtime/plugin/tarPlugin.vim
058.527  000.106  000.106: sourcing /d/cosmos/ezbc/dot_files/.new_vim/vim74_runtime/plugin/tohtml.vim
058.737  000.172  000.172: sourcing /d/cosmos/ezbc/dot_files/.new_vim/vim74_runtime/plugin/vimballPlugin.vim
059.008  000.222  000.222: sourcing /d/cosmos/ezbc/dot_files/.new_vim/vim74_runtime/plugin/zipPlugin.vim
059.016  000.651: loading plugins
059.022  000.006: inits 3
1698.724  001.096  001.096: sourcing $VIMRUNTIME/menu.vim
1703.822  001.267  001.267: sourcing $HOME/.gvimrc
2995.772  2934.387: starting GUI
3001.187  006.415: reading viminfo
3001.509  000.322: GUI delay
3002.619  001.110: register server name
3002.622  000.003: setting raw mode
3002.623  000.001: start termcap
3002.680  000.057: clearing screen
3002.812  000.132: opening buffers
3002.895  000.083: BufEnter autocommands
3002.898  000.003: editing files in windows
3005.102  002.204: VimEnter autocommands
3005.105  000.003: before starting main loop
3005.273  000.168: first screen update
3005.275  000.002: --- VIM STARTED ---


times in msec
 clock   self+sourced   self:  sourced script
 clock   elapsed:              other lines

000.004  000.004: --- VIM STARTING ---
000.073  000.069: Allocated generic buffers
000.298  000.225: locale set
000.317  000.019: GUI prepared
000.319  000.002: clipboard setup
000.325  000.006: window checked
000.693  000.368: inits 1
000.700  000.007: parsing arguments
000.702  000.002: expanding arguments
000.718  000.016: shell init
007.162  006.444: xsmp init
008.227  001.065: Termcap init
008.318  000.091: inits 2
008.445  000.127: init highlight
029.662  000.053  000.053: sourcing /d/cosmos/ezbc/dot_files/.new_vim/vim74_runtime/autoload/paste.vim
037.579  008.669  008.616: sourcing /d/cosmos/ezbc/dot_files/.new_vim/vim74_runtime/menu.vim
037.614  026.334  017.665: sourcing /d/cosmos/ezbc/dot_files/.new_vim/vim74_runtime/filetype.vim
037.699  000.041  000.041: sourcing /d/cosmos/ezbc/dot_files/.new_vim/vim74_runtime/ftplugin.vim
037.751  000.011  000.011: sourcing /d/cosmos/ezbc/dot_files/.new_vim/vim74_runtime/filetype.vim
037.824  000.038  000.038: sourcing /d/cosmos/ezbc/dot_files/.new_vim/vim74_runtime/indent.vim
038.304  000.215  000.215: sourcing /d/cosmos/ezbc/dot_files/.new_vim/vim74_runtime/syntax/syncolor.vim
038.446  000.420  000.205: sourcing /d/cosmos/ezbc/dot_files/.new_vim/vim74_runtime/syntax/synload.vim
038.483  000.510  000.090: sourcing /d/cosmos/ezbc/opt/vmi74/runtime/syntax/syntax.vim
038.827  000.179  000.179: sourcing /d/cosmos/ezbc/dot_files/.new_vim/vim74_runtime/syntax/syncolor.vim
039.165  000.187  000.187: sourcing /d/cosmos/ezbc/dot_files/.new_vim/vim74_runtime/syntax/syncolor.vim
039.458  000.183  000.183: sourcing /d/cosmos/ezbc/dot_files/.new_vim/vim74_runtime/syntax/syncolor.vim
039.619  001.090  000.541: sourcing /d/cosmos/ezbc/dot_files/.new_vim/vim74_runtime/colors/desert.vim
039.991  000.177  000.177: sourcing /d/cosmos/ezbc/dot_files/.new_vim/vim74_runtime/syntax/syncolor.vim
040.279  000.182  000.182: sourcing /d/cosmos/ezbc/dot_files/.new_vim/vim74_runtime/syntax/syncolor.vim
040.436  000.772  000.413: sourcing /d/cosmos/ezbc/dot_files/.new_vim/vim74_runtime/colors/desert.vim
040.821  000.179  000.179: sourcing /d/cosmos/ezbc/dot_files/.new_vim/vim74_runtime/syntax/syncolor.vim
041.111  000.189  000.189: sourcing /d/cosmos/ezbc/dot_files/.new_vim/vim74_runtime/syntax/syncolor.vim
041.269  000.778  000.410: sourcing /d/cosmos/ezbc/dot_files/.new_vim/vim74_runtime/colors/desert.vim
041.819  030.619  001.045: sourcing /d/cosmos/ezbc/dot_files/.new_vim/vimrcs/basic.vim
042.021  000.163  000.163: sourcing /d/cosmos/ezbc/dot_files/.new_vim/vimrcs/filetypes.vim
043.058  000.993  000.993: sourcing /d/cosmos/ezbc/dot_files/.new_vim/vimrcs/plugins_config.vim
043.537  000.181  000.181: sourcing /d/cosmos/ezbc/dot_files/.new_vim/vim74_runtime/syntax/syncolor.vim
043.818  000.179  000.179: sourcing /d/cosmos/ezbc/dot_files/.new_vim/vim74_runtime/syntax/syncolor.vim
043.979  000.788  000.428: sourcing /d/cosmos/ezbc/dot_files/.new_vim/vim74_runtime/colors/desert.vim
044.625  001.527  000.739: sourcing /d/cosmos/ezbc/dot_files/.new_vim/vimrcs/extended.vim
053.748  000.015  000.015: sourcing /d/cosmos/ezbc/dot_files/.new_vim/vim74_runtime/filetype.vim
053.800  000.011  000.011: sourcing /d/cosmos/ezbc/dot_files/.new_vim/vim74_runtime/filetype.vim
053.846  000.010  000.010: sourcing /d/cosmos/ezbc/dot_files/.new_vim/vim74_runtime/ftplugin.vim
053.941  009.278  009.242: sourcing /d/cosmos/ezbc/dot_files/.new_vim/vimrcs/my_configs.vim
053.954  043.708  001.128: sourcing $HOME/.vimrc
053.961  001.808: sourcing vimrc file(s)
054.326  000.086  000.086: sourcing /d/cosmos/ezbc/dot_files/.new_vim/vim74_runtime/plugin/getscriptPlugin.vim
054.600  000.245  000.245: sourcing /d/cosmos/ezbc/dot_files/.new_vim/vim74_runtime/plugin/gzip.vim
054.830  000.201  000.201: sourcing /d/cosmos/ezbc/dot_files/.new_vim/vim74_runtime/plugin/matchparen.vim
055.405  000.544  000.544: sourcing /d/cosmos/ezbc/dot_files/.new_vim/vim74_runtime/plugin/netrwPlugin.vim
055.506  000.047  000.047: sourcing /d/cosmos/ezbc/dot_files/.new_vim/vim74_runtime/plugin/rrhelper.vim
055.617  000.035  000.035: sourcing /d/cosmos/ezbc/dot_files/.new_vim/vim74_runtime/plugin/spellfile.vim
055.833  000.177  000.177: sourcing /d/cosmos/ezbc/dot_files/.new_vim/vim74_runtime/plugin/tarPlugin.vim
055.980  000.106  000.106: sourcing /d/cosmos/ezbc/dot_files/.new_vim/vim74_runtime/plugin/tohtml.vim
056.199  000.182  000.182: sourcing /d/cosmos/ezbc/dot_files/.new_vim/vim74_runtime/plugin/vimballPlugin.vim
056.465  000.216  000.216: sourcing /d/cosmos/ezbc/dot_files/.new_vim/vim74_runtime/plugin/zipPlugin.vim
056.474  000.674: loading plugins
056.480  000.006: inits 3
590.948  001.200  001.200: sourcing $VIMRUNTIME/menu.vim
595.695  000.814  000.814: sourcing $HOME/.gvimrc
1991.143  1932.649: starting GUI
2000.329  010.186: reading viminfo
2002.415  002.086: GUI delay
2005.837  003.422: register server name
2005.842  000.005: setting raw mode
2005.844  000.002: start termcap
2005.910  000.066: clearing screen
2006.054  000.144: opening buffers
2006.131  000.077: BufEnter autocommands
2006.135  000.004: editing files in windows
2008.383  002.248: VimEnter autocommands
2008.386  000.003: before starting main loop
2008.552  000.166: first screen update
2008.554  000.002: --- VIM STARTED ---


times in msec
 clock   self+sourced   self:  sourced script
 clock   elapsed:              other lines

000.004  000.004: --- VIM STARTING ---
000.070  000.066: Allocated generic buffers
000.298  000.228: locale set
000.316  000.018: GUI prepared
000.318  000.002: clipboard setup
000.325  000.007: window checked
000.702  000.377: inits 1
000.710  000.008: parsing arguments
000.712  000.002: expanding arguments
000.728  000.016: shell init
010.307  009.579: xsmp init
011.730  001.423: Termcap init
011.771  000.041: inits 2
011.884  000.113: init highlight
035.532  000.052  000.052: sourcing /d/cosmos/ezbc/dot_files/.new_vim/vim74_runtime/autoload/paste.vim
044.122  009.474  009.422: sourcing /d/cosmos/ezbc/dot_files/.new_vim/vim74_runtime/menu.vim
044.180  026.912  017.438: sourcing /d/cosmos/ezbc/dot_files/.new_vim/vim74_runtime/filetype.vim
044.301  000.044  000.044: sourcing /d/cosmos/ezbc/dot_files/.new_vim/vim74_runtime/ftplugin.vim
044.355  000.012  000.012: sourcing /d/cosmos/ezbc/dot_files/.new_vim/vim74_runtime/filetype.vim
044.428  000.038  000.038: sourcing /d/cosmos/ezbc/dot_files/.new_vim/vim74_runtime/indent.vim
045.722  000.386  000.386: sourcing /d/cosmos/ezbc/dot_files/.new_vim/vim74_runtime/colors/desert.vim
046.082  000.311  000.311: sourcing /d/cosmos/ezbc/dot_files/.new_vim/vim74_runtime/colors/desert.vim
046.437  000.298  000.298: sourcing /d/cosmos/ezbc/dot_files/.new_vim/vim74_runtime/colors/desert.vim
047.081  029.897  001.896: sourcing /d/cosmos/ezbc/dot_files/.new_vim/vimrcs/basic.vim
047.338  000.213  000.213: sourcing /d/cosmos/ezbc/dot_files/.new_vim/vimrcs/filetypes.vim
048.613  001.238  001.238: sourcing /d/cosmos/ezbc/dot_files/.new_vim/vimrcs/plugins_config.vim
049.070  000.319  000.319: sourcing /d/cosmos/ezbc/dot_files/.new_vim/vim74_runtime/colors/desert.vim
050.343  001.691  001.372: sourcing /d/cosmos/ezbc/dot_files/.new_vim/vimrcs/extended.vim
060.111  000.015  000.015: sourcing /d/cosmos/ezbc/dot_files/.new_vim/vim74_runtime/filetype.vim
060.164  000.011  000.011: sourcing /d/cosmos/ezbc/dot_files/.new_vim/vim74_runtime/filetype.vim
060.210  000.011  000.011: sourcing /d/cosmos/ezbc/dot_files/.new_vim/vim74_runtime/ftplugin.vim
060.306  009.912  009.875: sourcing /d/cosmos/ezbc/dot_files/.new_vim/vimrcs/my_configs.vim
060.319  044.497  001.546: sourcing $HOME/.vimrc
060.326  003.945: sourcing vimrc file(s)
060.676  000.087  000.087: sourcing /d/cosmos/ezbc/dot_files/.new_vim/vim74_runtime/plugin/getscriptPlugin.vim
061.081  000.375  000.375: sourcing /d/cosmos/ezbc/dot_files/.new_vim/vim74_runtime/plugin/gzip.vim
061.331  000.216  000.216: sourcing /d/cosmos/ezbc/dot_files/.new_vim/vim74_runtime/plugin/matchparen.vim
061.900  000.539  000.539: sourcing /d/cosmos/ezbc/dot_files/.new_vim/vim74_runtime/plugin/netrwPlugin.vim
062.010  000.059  000.059: sourcing /d/cosmos/ezbc/dot_files/.new_vim/vim74_runtime/plugin/rrhelper.vim
062.092  000.038  000.038: sourcing /d/cosmos/ezbc/dot_files/.new_vim/vim74_runtime/plugin/spellfile.vim
062.301  000.170  000.170: sourcing /d/cosmos/ezbc/dot_files/.new_vim/vim74_runtime/plugin/tarPlugin.vim
062.454  000.107  000.107: sourcing /d/cosmos/ezbc/dot_files/.new_vim/vim74_runtime/plugin/tohtml.vim
062.669  000.177  000.177: sourcing /d/cosmos/ezbc/dot_files/.new_vim/vim74_runtime/plugin/vimballPlugin.vim
062.926  000.209  000.209: sourcing /d/cosmos/ezbc/dot_files/.new_vim/vim74_runtime/plugin/zipPlugin.vim
062.935  000.632: loading plugins
062.941  000.006: inits 3
792.218  001.256  001.256: sourcing $HOME/.gvimrc
2222.813  2158.616: starting GUI
2228.038  005.225: reading viminfo
2228.377  000.339: GUI delay
2230.471  002.094: register server name
2230.475  000.004: setting raw mode
2230.476  000.001: start termcap
2230.537  000.061: clearing screen
2230.671  000.134: opening buffers
2230.762  000.091: BufEnter autocommands
2230.765  000.003: editing files in windows
2233.182  002.417: VimEnter autocommands
2233.186  000.004: before starting main loop
2233.368  000.182: first screen update
2233.370  000.002: --- VIM STARTED ---


times in msec
 clock   self+sourced   self:  sourced script
 clock   elapsed:              other lines

000.005  000.005: --- VIM STARTING ---
000.070  000.065: Allocated generic buffers
000.293  000.223: locale set
000.310  000.017: GUI prepared
000.312  000.002: clipboard setup
000.318  000.006: window checked
000.683  000.365: inits 1
000.690  000.007: parsing arguments
000.692  000.002: expanding arguments
000.708  000.016: shell init
006.308  005.600: xsmp init
007.365  001.057: Termcap init
007.405  000.040: inits 2
007.515  000.110: init highlight
028.245  000.050  000.050: sourcing /d/cosmos/ezbc/dot_files/.new_vim/vim74_runtime/autoload/paste.vim
038.576  011.078  011.028: sourcing /d/cosmos/ezbc/dot_files/.new_vim/vim74_runtime/menu.vim
038.638  028.367  017.289: sourcing /d/cosmos/ezbc/dot_files/.new_vim/vim74_runtime/filetype.vim
038.757  000.043  000.043: sourcing /d/cosmos/ezbc/dot_files/.new_vim/vim74_runtime/ftplugin.vim
038.813  000.012  000.012: sourcing /d/cosmos/ezbc/dot_files/.new_vim/vim74_runtime/filetype.vim
038.887  000.039  000.039: sourcing /d/cosmos/ezbc/dot_files/.new_vim/vim74_runtime/indent.vim
040.134  000.392  000.392: sourcing /d/cosmos/ezbc/dot_files/.new_vim/vim74_runtime/colors/desert.vim
040.481  000.295  000.295: sourcing /d/cosmos/ezbc/dot_files/.new_vim/vim74_runtime/colors/desert.vim
040.837  000.297  000.297: sourcing /d/cosmos/ezbc/dot_files/.new_vim/vim74_runtime/colors/desert.vim
041.477  031.293  001.848: sourcing /d/cosmos/ezbc/dot_files/.new_vim/vimrcs/basic.vim
041.733  000.215  000.215: sourcing /d/cosmos/ezbc/dot_files/.new_vim/vimrcs/filetypes.vim
043.012  001.240  001.240: sourcing /d/cosmos/ezbc/dot_files/.new_vim/vimrcs/plugins_config.vim
043.452  000.303  000.303: sourcing /d/cosmos/ezbc/dot_files/.new_vim/vim74_runtime/colors/desert.vim
044.209  001.157  000.854: sourcing /d/cosmos/ezbc/dot_files/.new_vim/vimrcs/extended.vim
053.080  000.015  000.015: sourcing /d/cosmos/ezbc/dot_files/.new_vim/vim74_runtime/filetype.vim
053.132  000.011  000.011: sourcing /d/cosmos/ezbc/dot_files/.new_vim/vim74_runtime/filetype.vim
053.179  000.011  000.011: sourcing /d/cosmos/ezbc/dot_files/.new_vim/vim74_runtime/ftplugin.vim
053.275  009.025  008.988: sourcing /d/cosmos/ezbc/dot_files/.new_vim/vimrcs/my_configs.vim
053.289  044.030  001.100: sourcing $HOME/.vimrc
053.296  001.751: sourcing vimrc file(s)
053.657  000.096  000.096: sourcing /d/cosmos/ezbc/dot_files/.new_vim/vim74_runtime/plugin/getscriptPlugin.vim
053.926  000.241  000.241: sourcing /d/cosmos/ezbc/dot_files/.new_vim/vim74_runtime/plugin/gzip.vim
054.175  000.210  000.210: sourcing /d/cosmos/ezbc/dot_files/.new_vim/vim74_runtime/plugin/matchparen.vim
054.726  000.522  000.522: sourcing /d/cosmos/ezbc/dot_files/.new_vim/vim74_runtime/plugin/netrwPlugin.vim
054.832  000.047  000.047: sourcing /d/cosmos/ezbc/dot_files/.new_vim/vim74_runtime/plugin/rrhelper.vim
054.913  000.034  000.034: sourcing /d/cosmos/ezbc/dot_files/.new_vim/vim74_runtime/plugin/spellfile.vim
055.126  000.168  000.168: sourcing /d/cosmos/ezbc/dot_files/.new_vim/vim74_runtime/plugin/tarPlugin.vim
055.275  000.107  000.107: sourcing /d/cosmos/ezbc/dot_files/.new_vim/vim74_runtime/plugin/tohtml.vim
055.490  000.176  000.176: sourcing /d/cosmos/ezbc/dot_files/.new_vim/vim74_runtime/plugin/vimballPlugin.vim
055.742  000.205  000.205: sourcing /d/cosmos/ezbc/dot_files/.new_vim/vim74_runtime/plugin/zipPlugin.vim
055.750  000.648: loading plugins
055.756  000.006: inits 3
572.098  000.856  000.856: sourcing $HOME/.gvimrc
1603.403  1546.791: starting GUI
1611.622  008.219: reading viminfo
1613.474  001.852: GUI delay
1615.781  002.307: register server name
1615.783  000.002: setting raw mode
1615.784  000.001: start termcap
1615.835  000.051: clearing screen
1615.957  000.122: opening buffers
1616.043  000.086: BufEnter autocommands
1616.046  000.003: editing files in windows
1618.251  002.205: VimEnter autocommands
1618.254  000.003: before starting main loop
1618.414  000.160: first screen update
1618.417  000.003: --- VIM STARTED ---


times in msec
 clock   self+sourced   self:  sourced script
 clock   elapsed:              other lines

000.005  000.005: --- VIM STARTING ---
000.066  000.061: Allocated generic buffers
000.307  000.241: locale set
000.323  000.016: GUI prepared
000.326  000.003: clipboard setup
000.331  000.005: window checked
000.695  000.364: inits 1
000.702  000.007: parsing arguments
000.704  000.002: expanding arguments
000.720  000.016: shell init
007.177  006.457: xsmp init
008.243  001.066: Termcap init
008.283  000.040: inits 2
008.395  000.112: init highlight
030.406  000.052  000.052: sourcing /d/cosmos/ezbc/dot_files/.new_vim/vim74_runtime/autoload/paste.vim
038.398  008.757  008.705: sourcing /d/cosmos/ezbc/dot_files/.new_vim/vim74_runtime/menu.vim
038.443  026.390  017.633: sourcing /d/cosmos/ezbc/dot_files/.new_vim/vim74_runtime/filetype.vim
038.540  000.042  000.042: sourcing /d/cosmos/ezbc/dot_files/.new_vim/vim74_runtime/ftplugin.vim
038.593  000.012  000.012: sourcing /d/cosmos/ezbc/dot_files/.new_vim/vim74_runtime/filetype.vim
038.666  000.038  000.038: sourcing /d/cosmos/ezbc/dot_files/.new_vim/vim74_runtime/indent.vim
039.991  000.384  000.384: sourcing /d/cosmos/ezbc/dot_files/.new_vim/vim74_runtime/colors/desert.vim
040.351  000.311  000.311: sourcing /d/cosmos/ezbc/dot_files/.new_vim/vim74_runtime/colors/desert.vim
040.706  000.298  000.298: sourcing /d/cosmos/ezbc/dot_files/.new_vim/vim74_runtime/colors/desert.vim
041.330  029.365  001.890: sourcing /d/cosmos/ezbc/dot_files/.new_vim/vimrcs/basic.vim
041.569  000.200  000.200: sourcing /d/cosmos/ezbc/dot_files/.new_vim/vimrcs/filetypes.vim
042.778  001.172  001.172: sourcing /d/cosmos/ezbc/dot_files/.new_vim/vimrcs/plugins_config.vim
043.225  000.315  000.315: sourcing /d/cosmos/ezbc/dot_files/.new_vim/vim74_runtime/colors/desert.vim
043.978  001.162  000.847: sourcing /d/cosmos/ezbc/dot_files/.new_vim/vimrcs/extended.vim
052.942  000.016  000.016: sourcing /d/cosmos/ezbc/dot_files/.new_vim/vim74_runtime/filetype.vim
052.994  000.012  000.012: sourcing /d/cosmos/ezbc/dot_files/.new_vim/vim74_runtime/filetype.vim
053.040  000.011  000.011: sourcing /d/cosmos/ezbc/dot_files/.new_vim/vim74_runtime/ftplugin.vim
053.135  009.117  009.078: sourcing /d/cosmos/ezbc/dot_files/.new_vim/vimrcs/my_configs.vim
053.148  042.132  001.116: sourcing $HOME/.vimrc
053.155  002.628: sourcing vimrc file(s)
053.518  000.087  000.087: sourcing /d/cosmos/ezbc/dot_files/.new_vim/vim74_runtime/plugin/getscriptPlugin.vim
053.777  000.231  000.231: sourcing /d/cosmos/ezbc/dot_files/.new_vim/vim74_runtime/plugin/gzip.vim
054.014  000.207  000.207: sourcing /d/cosmos/ezbc/dot_files/.new_vim/vim74_runtime/plugin/matchparen.vim
054.571  000.528  000.528: sourcing /d/cosmos/ezbc/dot_files/.new_vim/vim74_runtime/plugin/netrwPlugin.vim
054.665  000.047  000.047: sourcing /d/cosmos/ezbc/dot_files/.new_vim/vim74_runtime/plugin/rrhelper.vim
054.747  000.034  000.034: sourcing /d/cosmos/ezbc/dot_files/.new_vim/vim74_runtime/plugin/spellfile.vim
054.953  000.168  000.168: sourcing /d/cosmos/ezbc/dot_files/.new_vim/vim74_runtime/plugin/tarPlugin.vim
055.100  000.106  000.106: sourcing /d/cosmos/ezbc/dot_files/.new_vim/vim74_runtime/plugin/tohtml.vim
055.320  000.182  000.182: sourcing /d/cosmos/ezbc/dot_files/.new_vim/vim74_runtime/plugin/vimballPlugin.vim
055.576  000.208  000.208: sourcing /d/cosmos/ezbc/dot_files/.new_vim/vim74_runtime/plugin/zipPlugin.vim
055.583  000.630: loading plugins
055.589  000.006: inits 3
611.159  000.888  000.888: sourcing $HOME/.gvimrc
1586.779  1530.302: starting GUI
1593.965  007.186: reading viminfo
1594.313  000.348: GUI delay
1610.884  016.571: register server name
1610.888  000.004: setting raw mode
1610.889  000.001: start termcap
1610.959  000.070: clearing screen
1611.921  000.962: opening buffers
1612.020  000.099: BufEnter autocommands
1612.023  000.003: editing files in windows
1614.215  002.192: VimEnter autocommands
1614.217  000.002: before starting main loop
1614.373  000.156: first screen update
1614.376  000.003: --- VIM STARTED ---
