

times in msec
 clock   self+sourced   self:  sourced script
 clock   elapsed:              other lines

000.004  000.004: --- VIM STARTING ---
000.068  000.064: Allocated generic buffers
000.293  000.225: locale set
000.313  000.020: GUI prepared
000.315  000.002: clipboard setup
000.321  000.006: window checked
000.698  000.377: inits 1
000.706  000.008: parsing arguments
000.706  000.000: expanding arguments
000.721  000.015: shell init
089.745  089.024: xsmp init
091.467  001.722: Termcap init
091.510  000.043: inits 2
091.623  000.113: init highlight
091.625  000.002: sourcing vimrc file(s)
097.146  005.521: inits 3
115.420  018.274: setup clipboard
115.435  000.015: setting raw mode
115.459  000.024: start termcap
115.486  000.027: clearing screen
115.655  000.169: opening buffers
115.656  000.001: BufEnter autocommands
115.659  000.003: editing files in windows
115.665  000.006: VimEnter autocommands
115.668  000.003: before starting main loop
116.173  000.505: first screen update
116.175  000.002: --- VIM STARTED ---


times in msec
 clock   self+sourced   self:  sourced script
 clock   elapsed:              other lines

000.005  000.005: --- VIM STARTING ---
000.068  000.063: Allocated generic buffers
000.305  000.237: locale set
000.324  000.019: GUI prepared
000.326  000.002: clipboard setup
000.333  000.007: window checked
000.787  000.454: inits 1
000.794  000.007: parsing arguments
000.796  000.002: expanding arguments
000.812  000.016: shell init
385.395  384.583: xsmp init
401.640  016.245: Termcap init
401.689  000.049: inits 2
401.805  000.116: init highlight
401.806  000.001: sourcing vimrc file(s)
401.812  000.006: inits 3
7979.745  000.096  000.096: sourcing /d/cosmos/ezbc/opt/vmi74/runtime/autoload/paste.vim
20113.413  12141.699  12141.603: sourcing $VIMRUNTIME/menu.vim
23858.932  11316.421: starting GUI
23861.864  002.932: GUI delay
23866.284  004.420: register server name
23866.287  000.003: setting raw mode
23866.288  000.001: start termcap
23866.340  000.052: clearing screen
23866.476  000.136: opening buffers
23866.478  000.002: BufEnter autocommands
23866.480  000.002: editing files in windows
23868.362  001.882: VimEnter autocommands
23868.374  000.012: before starting main loop
23876.768  008.394: first screen update
23876.771  000.003: --- VIM STARTED ---


times in msec
 clock   self+sourced   self:  sourced script
 clock   elapsed:              other lines

000.005  000.005: --- VIM STARTING ---
000.067  000.062: Allocated generic buffers
000.289  000.222: locale set
000.308  000.019: GUI prepared
000.310  000.002: clipboard setup
000.316  000.006: window checked
000.682  000.366: inits 1
000.689  000.007: parsing arguments
000.691  000.002: expanding arguments
000.707  000.016: shell init
007.300  006.593: xsmp init
008.342  001.042: Termcap init
008.391  000.049: inits 2
008.505  000.114: init highlight
008.507  000.002: sourcing vimrc file(s)
008.512  000.005: inits 3
1253.480  000.099  000.099: sourcing /d/cosmos/ezbc/opt/vmi74/runtime/autoload/paste.vim
6544.133  5297.962  5297.863: sourcing $VIMRUNTIME/menu.vim
10199.418  4893.944: starting GUI
10210.656  011.238: GUI delay
10215.913  005.257: register server name
10215.917  000.004: setting raw mode
10215.918  000.001: start termcap
10215.990  000.072: clearing screen
10216.134  000.144: opening buffers
10216.136  000.002: BufEnter autocommands
10216.138  000.002: editing files in windows
10220.996  004.858: VimEnter autocommands
10221.007  000.011: before starting main loop
10241.239  020.232: first screen update
10241.243  000.004: --- VIM STARTED ---
