

times in msec
 clock   self+sourced   self:  sourced script
 clock   elapsed:              other lines

000.005  000.005: --- VIM STARTING ---
000.072  000.067: Allocated generic buffers
000.308  000.236: locale set
000.328  000.020: GUI prepared
000.330  000.002: clipboard setup
000.338  000.008: window checked
000.705  000.367: inits 1
000.712  000.007: parsing arguments
000.717  000.005: expanding arguments
000.734  000.017: shell init
007.660  006.926: xsmp init
008.818  001.158: Termcap init
008.863  000.045: inits 2
008.978  000.115: init highlight
011.476  000.345  000.345: sourcing /usr/share/vim/current/syntax/syncolor.vim
012.531  002.384  002.039: sourcing /usr/share/vim/current/syntax/synload.vim
038.032  000.080  000.080: sourcing /usr/share/vim/current/autoload/paste.vim
1596.165  1563.307  1563.227: sourcing /usr/share/vim/vim74/menu.vim
1596.399  1582.896  019.589: sourcing /usr/share/vim/current/filetype.vim
1597.286  1588.154  002.874: sourcing /usr/share/vim/current/syntax/syntax.vim
1597.960  1588.927  000.773: sourcing /etc/vimrc
1600.586  000.012  000.012: sourcing /d/cosmos/ezbc/dot_files/.vim_runtime/current/filetype.vim
1600.672  000.042  000.042: sourcing /d/cosmos/ezbc/dot_files/.vim_runtime/current/ftplugin.vim
1600.727  000.011  000.011: sourcing /d/cosmos/ezbc/dot_files/.vim_runtime/current/filetype.vim
1600.815  000.039  000.039: sourcing /d/cosmos/ezbc/dot_files/.vim_runtime/current/indent.vim
1601.157  000.159  000.159: sourcing /usr/share/vim/vim74/syntax/nosyntax.vim
1601.430  000.156  000.156: sourcing /d/cosmos/ezbc/dot_files/.vim_runtime/current/syntax/syncolor.vim
1601.523  000.311  000.155: sourcing /d/cosmos/ezbc/dot_files/.vim_runtime/current/syntax/synload.vim
1601.558  000.601  000.131: sourcing /usr/share/vim/current/syntax/syntax.vim
1601.930  000.193  000.193: sourcing /d/cosmos/ezbc/dot_files/.vim_runtime/current/syntax/syncolor.vim
1602.278  000.187  000.187: sourcing /d/cosmos/ezbc/dot_files/.vim_runtime/current/syntax/syncolor.vim
1602.627  000.240  000.240: sourcing /d/cosmos/ezbc/dot_files/.vim_runtime/current/syntax/syncolor.vim
1602.802  001.193  000.573: sourcing /d/cosmos/ezbc/dot_files/.vim_runtime/current/colors/desert.vim
1603.206  000.186  000.186: sourcing /d/cosmos/ezbc/dot_files/.vim_runtime/current/syntax/syncolor.vim
1603.501  000.188  000.188: sourcing /d/cosmos/ezbc/dot_files/.vim_runtime/current/syntax/syncolor.vim
1603.666  000.813  000.439: sourcing /d/cosmos/ezbc/dot_files/.vim_runtime/current/colors/desert.vim
1604.080  000.188  000.188: sourcing /d/cosmos/ezbc/dot_files/.vim_runtime/current/syntax/syncolor.vim
1604.374  000.187  000.187: sourcing /d/cosmos/ezbc/dot_files/.vim_runtime/current/syntax/syncolor.vim
1604.541  000.813  000.438: sourcing /d/cosmos/ezbc/dot_files/.vim_runtime/current/colors/desert.vim
1605.197  004.688  001.164: sourcing /d/cosmos/ezbc/dot_files/.vim_runtime/vimrcs/basic.vim
1605.427  000.185  000.185: sourcing /d/cosmos/ezbc/dot_files/.vim_runtime/vimrcs/filetypes.vim
1605.907  000.399  000.399: sourcing /d/cosmos/ezbc/dot_files/.vim_runtime/autoload/pathogen.vim
1846.075  000.758  000.758: sourcing /d/cosmos/ezbc/dot_files/.vim_runtime/current/ftoff.vim
1938.317  053.678  053.678: sourcing /d/cosmos/ezbc/dot_files/.vim_runtime/current/filetype.vim
2303.480  000.780  000.780: sourcing /d/cosmos/ezbc/dot_files/.vim_runtime/current/ftoff.vim
2434.478  000.971  000.971: sourcing /usr/users/ezbc/.vim_runtime/sources_non_forked/nginx-vim/ftdetect/nginx.vim
2460.692  001.037  001.037: sourcing /usr/users/ezbc/.vim_runtime/sources_non_forked/vim-bundle-mako/ftdetect/mako.vim
2477.322  001.127  001.127: sourcing /usr/users/ezbc/.vim_runtime/sources_non_forked/vim-coffee-script/ftdetect/coffee.vim
2496.397  000.891  000.891: sourcing /usr/users/ezbc/.vim_runtime/sources_non_forked/vim-less/ftdetect/less.vim
2512.840  001.146  001.146: sourcing /usr/users/ezbc/.vim_runtime/sources_non_forked/vim-markdown/ftdetect/markdown.vim
2576.432  180.970  175.798: sourcing /d/cosmos/ezbc/dot_files/.vim_runtime/current/filetype.vim
5964.829  4359.367  4122.782: sourcing /d/cosmos/ezbc/dot_files/.vim_runtime/vimrcs/plugins_config.vim
6128.877  000.250  000.250: sourcing /d/cosmos/ezbc/dot_files/.vim_runtime/current/syntax/syncolor.vim
6219.510  000.263  000.263: sourcing /d/cosmos/ezbc/dot_files/.vim_runtime/current/syntax/syncolor.vim
6228.515  182.502  181.989: sourcing /d/cosmos/ezbc/dot_files/.vim_runtime/current/colors/desert.vim
6387.693  000.259  000.259: sourcing /d/cosmos/ezbc/dot_files/.vim_runtime/current/syntax/syncolor.vim
6477.441  000.258  000.258: sourcing /d/cosmos/ezbc/dot_files/.vim_runtime/current/syntax/syncolor.vim
6487.210  185.644  185.127: sourcing /usr/users/ezbc/.vim_runtime/sources_forked/peaksea/colors/peaksea.vim
6487.500  523.567  156.421: sourcing /d/cosmos/ezbc/dot_files/.vim_runtime/vimrcs/extended.vim
6935.047  000.239  000.239: sourcing /d/cosmos/ezbc/dot_files/.vim_runtime/current/syntax/syncolor.vim
7029.525  000.264  000.264: sourcing /d/cosmos/ezbc/dot_files/.vim_runtime/current/syntax/syncolor.vim
7067.315  218.587  218.084: sourcing /d/cosmos/ezbc/dot_files/.vim_runtime/colors/antares.vim
7149.317  000.045  000.045: sourcing /d/cosmos/ezbc/dot_files/.vim_runtime/current/filetype.vim
7247.881  000.040  000.040: sourcing /d/cosmos/ezbc/dot_files/.vim_runtime/current/filetype.vim
7337.950  000.040  000.040: sourcing /d/cosmos/ezbc/dot_files/.vim_runtime/current/ftplugin.vim
7346.505  859.961  641.249: sourcing /d/cosmos/ezbc/dot_files/.vim_runtime/my_configs.vim
7346.528  5747.859  001.091: sourcing $HOME/.vimrc
7346.537  001.773: sourcing vimrc file(s)
7387.388  020.482  020.482: sourcing /usr/users/ezbc/.vim_runtime/sources_non_forked/ack.vim/plugin/ack.vim
7408.697  002.726  002.726: sourcing /usr/users/ezbc/.vim_runtime/sources_non_forked/bufexplorer/plugin/bufexplorer.vim
7446.123  001.180  001.180: sourcing /usr/users/ezbc/.vim_runtime/sources_non_forked/ctrlp.vim/autoload/ctrlp/mrufiles.vim
7446.416  014.252  013.072: sourcing /usr/users/ezbc/.vim_runtime/sources_non_forked/ctrlp.vim/plugin/ctrlp.vim
7475.371  000.943  000.943: sourcing /usr/users/ezbc/.vim_runtime/sources_non_forked/goyo.vim/plugin/goyo.vim
7519.489  001.057  001.057: sourcing /usr/users/ezbc/.vim_runtime/sources_non_forked/nerdtree/autoload/nerdtree.vim
7539.419  001.418  001.418: sourcing /usr/users/ezbc/.vim_runtime/sources_non_forked/nerdtree/lib/nerdtree/path.vim
7558.246  001.117  001.117: sourcing /usr/users/ezbc/.vim_runtime/sources_non_forked/nerdtree/lib/nerdtree/menu_controller.vim
7577.038  001.070  001.070: sourcing /usr/users/ezbc/.vim_runtime/sources_non_forked/nerdtree/lib/nerdtree/menu_item.vim
7603.552  000.914  000.914: sourcing /usr/users/ezbc/.vim_runtime/sources_non_forked/nerdtree/lib/nerdtree/key_map.vim
7621.302  001.103  001.103: sourcing /usr/users/ezbc/.vim_runtime/sources_non_forked/nerdtree/lib/nerdtree/bookmark.vim
7644.305  001.792  001.792: sourcing /usr/users/ezbc/.vim_runtime/sources_non_forked/nerdtree/lib/nerdtree/tree_file_node.vim
7664.816  001.286  001.286: sourcing /usr/users/ezbc/.vim_runtime/sources_non_forked/nerdtree/lib/nerdtree/tree_dir_node.vim
7682.648  001.201  001.201: sourcing /usr/users/ezbc/.vim_runtime/sources_non_forked/nerdtree/lib/nerdtree/opener.vim
7700.534  001.097  001.097: sourcing /usr/users/ezbc/.vim_runtime/sources_non_forked/nerdtree/lib/nerdtree/creator.vim
7719.106  000.899  000.899: sourcing /usr/users/ezbc/.vim_runtime/sources_non_forked/nerdtree/lib/nerdtree/flag_set.vim
7737.506  001.031  001.031: sourcing /usr/users/ezbc/.vim_runtime/sources_non_forked/nerdtree/lib/nerdtree/nerdtree.vim
7756.176  001.247  001.247: sourcing /usr/users/ezbc/.vim_runtime/sources_non_forked/nerdtree/lib/nerdtree/ui.vim
7775.161  000.913  000.913: sourcing /usr/users/ezbc/.vim_runtime/sources_non_forked/nerdtree/lib/nerdtree/event.vim
7793.491  000.885  000.885: sourcing /usr/users/ezbc/.vim_runtime/sources_non_forked/nerdtree/lib/nerdtree/notifier.vim
7812.338  001.405  001.405: sourcing /usr/users/ezbc/.vim_runtime/sources_non_forked/nerdtree/autoload/nerdtree/ui_glue.vim
7884.317  001.154  001.154: sourcing /usr/users/ezbc/.vim_runtime/sources_non_forked/nerdtree/nerdtree_plugin/exec_menuitem.vim
7889.936  001.339  001.339: sourcing /usr/users/ezbc/.vim_runtime/sources_non_forked/nerdtree/nerdtree_plugin/fs_menu.vim
8022.889  000.863  000.863: sourcing /usr/users/ezbc/.vim_runtime/sources_forked/nerdtree/nerdtree_plugin/exec_menuitem.vim
8028.017  000.912  000.912: sourcing /usr/users/ezbc/.vim_runtime/sources_forked/nerdtree/nerdtree_plugin/fs_menu.vim
8082.103  584.003  561.300: sourcing /usr/users/ezbc/.vim_runtime/sources_non_forked/nerdtree/plugin/NERD_tree.vim
8108.653  001.005  001.005: sourcing /usr/users/ezbc/.vim_runtime/sources_non_forked/open_file_under_cursor.vim/plugin/open_file_under_cursor.vim
8160.707  029.800  029.800: sourcing /usr/users/ezbc/.vim_runtime/sources_non_forked/taglist/plugin/taglist.vim
8181.529  001.927  001.927: sourcing /usr/users/ezbc/.vim_runtime/sources_non_forked/taglist.vim/plugin/taglist.vim
8201.976  001.110  001.110: sourcing /usr/users/ezbc/.vim_runtime/sources_non_forked/tlib/plugin/02tlib.vim
8259.331  001.110  001.110: sourcing /usr/users/ezbc/.vim_runtime/sources_non_forked/vim-airline/autoload/airline.vim
8293.327  000.975  000.975: sourcing /usr/users/ezbc/.vim_runtime/sources_non_forked/vim-airline/autoload/airline/init.vim
8331.897  000.926  000.926: sourcing /usr/users/ezbc/.vim_runtime/sources_non_forked/vim-airline/autoload/airline/parts.vim
8332.670  107.946  104.935: sourcing /usr/users/ezbc/.vim_runtime/sources_non_forked/vim-airline/plugin/airline.vim
8403.202  001.233  001.233: sourcing /usr/users/ezbc/.vim_runtime/sources_non_forked/vim-expand-region/autoload/expand_region.vim
8403.415  042.150  040.917: sourcing /usr/users/ezbc/.vim_runtime/sources_non_forked/vim-expand-region/plugin/expand_region.vim
8524.955  102.332  102.332: sourcing /usr/users/ezbc/.vim_runtime/sources_non_forked/vim-fugitive/plugin/fugitive.vim
8545.381  001.233  001.233: sourcing /usr/users/ezbc/.vim_runtime/sources_non_forked/vim-indent-object/plugin/indent-object.vim
8571.896  001.332  001.332: sourcing /usr/users/ezbc/.vim_runtime/sources_non_forked/vim-multiple-cursors/plugin/multiple_cursors.vim
8626.388  001.001  001.001: sourcing /usr/users/ezbc/.vim_runtime/sources_non_forked/vim-addon-mw-utils/autoload/funcref.vim
8627.056  032.907  031.906: sourcing /usr/users/ezbc/.vim_runtime/sources_non_forked/vim-snipmate/plugin/snipMate.vim
8646.821  000.902  000.902: sourcing /usr/users/ezbc/.vim_runtime/sources_non_forked/vim-snippets/plugin/vimsnippets.vim
8667.375  001.982  001.982: sourcing /usr/users/ezbc/.vim_runtime/sources_non_forked/vim-surround/plugin/surround.vim
8687.072  001.041  001.041: sourcing /usr/users/ezbc/.vim_runtime/sources_non_forked/vim-zenroom2/plugin/zenroom2.vim
8780.934  002.012  002.012: sourcing /usr/users/ezbc/.vim_runtime/sources_forked/delimitMate/autoload/delimitMate.vim
8784.388  068.851  066.839: sourcing /usr/users/ezbc/.vim_runtime/sources_forked/delimitMate/plugin/delimitMate.vim
8823.385  009.360  009.360: sourcing /usr/users/ezbc/.vim_runtime/sources_forked/mru/plugin/mru.vim
8843.830  000.926  000.926: sourcing /usr/users/ezbc/.vim_runtime/sources_forked/nerdtree/plugin/NERD_tree.vim
8870.553  001.002  001.002: sourcing /usr/users/ezbc/.vim_runtime/sources_forked/set_tabline/plugin/set_tabline.vim
8993.880  001.027  001.027: sourcing /usr/users/ezbc/.vim_runtime/sources_forked/syntastic/plugin/syntastic/autoloclist.vim
8998.911  001.029  001.029: sourcing /usr/users/ezbc/.vim_runtime/sources_forked/syntastic/plugin/syntastic/balloons.vim
9003.612  001.264  001.264: sourcing /usr/users/ezbc/.vim_runtime/sources_forked/syntastic/plugin/syntastic/checker.vim
9008.722  000.956  000.956: sourcing /usr/users/ezbc/.vim_runtime/sources_forked/syntastic/plugin/syntastic/cursor.vim
9013.969  001.021  001.021: sourcing /usr/users/ezbc/.vim_runtime/sources_forked/syntastic/plugin/syntastic/highlighting.vim
9019.163  001.106  001.106: sourcing /usr/users/ezbc/.vim_runtime/sources_forked/syntastic/plugin/syntastic/loclist.vim
9024.229  000.977  000.977: sourcing /usr/users/ezbc/.vim_runtime/sources_forked/syntastic/plugin/syntastic/modemap.vim
9029.269  000.926  000.926: sourcing /usr/users/ezbc/.vim_runtime/sources_forked/syntastic/plugin/syntastic/notifiers.vim
9034.466  001.072  001.072: sourcing /usr/users/ezbc/.vim_runtime/sources_forked/syntastic/plugin/syntastic/registry.vim
9039.630  001.032  001.032: sourcing /usr/users/ezbc/.vim_runtime/sources_forked/syntastic/plugin/syntastic/signs.vim
9168.557  000.877  000.877: sourcing /usr/users/ezbc/.vim_runtime/sources_forked/syntastic/plugin/syntastic/autoloclist.vim
9173.584  000.829  000.829: sourcing /usr/users/ezbc/.vim_runtime/sources_forked/syntastic/plugin/syntastic/balloons.vim
9178.671  000.865  000.865: sourcing /usr/users/ezbc/.vim_runtime/sources_forked/syntastic/plugin/syntastic/checker.vim
9183.671  000.834  000.834: sourcing /usr/users/ezbc/.vim_runtime/sources_forked/syntastic/plugin/syntastic/cursor.vim
9188.804  000.831  000.831: sourcing /usr/users/ezbc/.vim_runtime/sources_forked/syntastic/plugin/syntastic/highlighting.vim
9193.668  000.820  000.820: sourcing /usr/users/ezbc/.vim_runtime/sources_forked/syntastic/plugin/syntastic/loclist.vim
9198.575  000.791  000.791: sourcing /usr/users/ezbc/.vim_runtime/sources_forked/syntastic/plugin/syntastic/modemap.vim
9203.497  000.850  000.850: sourcing /usr/users/ezbc/.vim_runtime/sources_forked/syntastic/plugin/syntastic/notifiers.vim
9208.417  000.825  000.825: sourcing /usr/users/ezbc/.vim_runtime/sources_forked/syntastic/plugin/syntastic/registry.vim
9213.415  000.880  000.880: sourcing /usr/users/ezbc/.vim_runtime/sources_forked/syntastic/plugin/syntastic/signs.vim
9318.081  001.144  001.144: sourcing /usr/users/ezbc/.vim_runtime/sources_forked/syntastic/autoload/syntastic/util.vim
9395.133  001.066  001.066: sourcing /usr/users/ezbc/.vim_runtime/sources_forked/syntastic/autoload/syntastic/log.vim
9425.388  381.579  370.967: sourcing /usr/users/ezbc/.vim_runtime/sources_forked/syntastic/plugin/syntastic.vim
9459.019  001.205  001.205: sourcing /usr/users/ezbc/.vim_runtime/sources_forked/vim-peepopen/plugin/peepopen.vim
9481.132  000.830  000.830: sourcing /usr/users/ezbc/.vim_runtime/sources_forked/vim-snipmate/plugin/snipMate.vim
9499.707  000.851  000.851: sourcing /usr/users/ezbc/.vim_runtime/sources_forked/vim-surround/plugin/surround.vim
9525.026  003.718  003.718: sourcing /usr/users/ezbc/.vim_runtime/sources_forked/zencoding/plugin/zencoding.vim
9525.422  000.095  000.095: sourcing /d/cosmos/ezbc/dot_files/.vim_runtime/current/plugin/getscriptPlugin.vim
9525.848  000.397  000.397: sourcing /d/cosmos/ezbc/dot_files/.vim_runtime/current/plugin/gzip.vim
9526.063  000.186  000.186: sourcing /d/cosmos/ezbc/dot_files/.vim_runtime/current/plugin/matchparen.vim
9526.646  000.553  000.553: sourcing /d/cosmos/ezbc/dot_files/.vim_runtime/current/plugin/netrwPlugin.vim
9526.739  000.047  000.047: sourcing /d/cosmos/ezbc/dot_files/.vim_runtime/current/plugin/rrhelper.vim
9526.823  000.040  000.040: sourcing /d/cosmos/ezbc/dot_files/.vim_runtime/current/plugin/spellfile.vim
9527.035  000.174  000.174: sourcing /d/cosmos/ezbc/dot_files/.vim_runtime/current/plugin/tarPlugin.vim
9527.128  000.053  000.053: sourcing /d/cosmos/ezbc/dot_files/.vim_runtime/current/plugin/tohtml.vim
9527.290  000.128  000.128: sourcing /d/cosmos/ezbc/dot_files/.vim_runtime/current/plugin/vimballPlugin.vim
9527.479  000.146  000.146: sourcing /d/cosmos/ezbc/dot_files/.vim_runtime/current/plugin/zipPlugin.vim
9551.074  001.252  001.252: sourcing /usr/users/ezbc/.vim_runtime/sources_forked/vim-snipmate/after/plugin/snipMate.vim
9570.322  001.131  001.131: sourcing /usr/users/ezbc/.vim_runtime/sources_non_forked/vim-snipmate/after/plugin/snipMate.vim
9576.499  800.955: loading plugins
9576.517  000.018: inits 3
9996.288  001.045  001.045: sourcing $VIMRUNTIME/menu.vim
10000.099  001.127  001.127: sourcing $HOME/.gvimrc
17254.484  7676.795: starting GUI
17287.488  003.016  003.016: sourcing /usr/users/ezbc/.vim_runtime/sources_non_forked/ctrlp.vim/autoload/ctrlp/utils.vim
17301.235  043.735: reading viminfo
17301.791  000.556: GUI delay
17325.325  023.534: register server name
17325.329  000.004: setting raw mode
17325.331  000.002: start termcap
17325.400  000.069: clearing screen
17371.120  008.287  008.287: sourcing /usr/users/ezbc/.vim_runtime/sources_non_forked/vim-airline/autoload/airline/extensions.vim
17407.398  000.900  000.900: sourcing /usr/users/ezbc/.vim_runtime/sources_non_forked/vim-airline/autoload/airline/extensions/quickfix.vim
17480.335  036.776  036.776: sourcing /usr/users/ezbc/.vim_runtime/sources_non_forked/vim-airline/autoload/airline/extensions/netrw.vim
17519.174  000.864  000.864: sourcing /usr/users/ezbc/.vim_runtime/sources_non_forked/vim-airline/autoload/airline/extensions/ctrlp.vim
17554.096  000.813  000.813: sourcing /usr/users/ezbc/.vim_runtime/sources_non_forked/vim-airline/autoload/airline/extensions/branch.vim
17588.841  000.881  000.881: sourcing /usr/users/ezbc/.vim_runtime/sources_non_forked/vim-airline/autoload/airline/extensions/syntastic.vim
17622.169  000.962  000.962: sourcing /usr/users/ezbc/.vim_runtime/sources_non_forked/vim-airline/autoload/airline/extensions/whitespace.vim
17656.546  001.055  001.055: sourcing /usr/users/ezbc/.vim_runtime/sources_non_forked/vim-airline/autoload/airline/extensions/wordcount.vim
18179.519  000.991  000.991: sourcing /usr/users/ezbc/.vim_runtime/sources_non_forked/vim-airline/autoload/airline/section.vim
18214.158  002.077  002.077: sourcing /usr/users/ezbc/.vim_runtime/sources_non_forked/vim-airline/autoload/airline/highlighter.vim
18295.824  000.969  000.969: sourcing /usr/users/ezbc/.vim_runtime/sources_non_forked/vim-airline/autoload/airline/themes.vim
18296.212  039.633  038.664: sourcing /usr/users/ezbc/.vim_runtime/sources_non_forked/vim-airline/autoload/airline/themes/luna.vim
18336.287  001.037  001.037: sourcing /usr/users/ezbc/.vim_runtime/sources_non_forked/vim-airline/autoload/airline/util.vim
18376.856  001.031  001.031: sourcing /usr/users/ezbc/.vim_runtime/sources_non_forked/vim-airline/autoload/airline/builder.vim
18414.359  001.007  001.007: sourcing /usr/users/ezbc/.vim_runtime/sources_non_forked/vim-airline/autoload/airline/extensions/default.vim
18428.828  1007.114: opening buffers
18435.855  007.027: BufEnter autocommands
18435.860  000.005: editing files in windows
18486.300  000.980  000.980: sourcing /usr/users/ezbc/.vim_runtime/sources_non_forked/vim-airline/autoload/airline/deprecation.vim
18487.988  051.148: VimEnter autocommands
18487.992  000.004: before starting main loop
18488.239  000.247: first screen update
18488.241  000.002: --- VIM STARTED ---
